#-----------------------------------------------------------
# xsim v2025.1 (64-bit)
# SW Build 6140274 on Wed May 21 22:58:25 MDT 2025
# IP Build 6138677 on Thu May 22 03:10:11 MDT 2025
# SharedData Build 6139179 on Tue May 20 17:58:58 MDT 2025
# Start of session at: Wed Apr  8 08:04:27 2026
# Process ID         : 4013957
# Current directory  : /home/ale/Documents/digital_verification/FP32
# Command line       : xsim -mode tcl -source {xsim.dir/top_sim/xsim_script.tcl}
# Log file           : /home/ale/Documents/digital_verification/FP32/xsim.log
# Journal file       : /home/ale/Documents/digital_verification/FP32/xsim.jou
# Running On         : vivado
# Platform           : Ubuntu
# Operating System   : Ubuntu 24.04.2 LTS
# Processor Detail   : Intel(R) Core(TM) i7-7700 CPU @ 3.60GHz
# CPU Frequency      : 4061.233 MHz
# CPU Physical cores : 4
# CPU Logical cores  : 8
# Host memory        : 16646 MB
# Swap memory        : 4294 MB
# Total Virtual      : 20941 MB
# Available Virtual  : 9278 MB
#-----------------------------------------------------------
source xsim.dir/top_sim/xsim_script.tcl
# xsim {top_sim} -testplusarg UVM_TESTNAME=fp32_smoke_test -testplusarg UVM_VERBOSITY=UVM_LOW -cov_db_name fp32_smoke_test_cov -autoloadwcfg -runall
Time resolution is 1 ps
run -all
UVM_INFO /tools/Xilinx/2025.1/Vivado/data/system_verilog/uvm_1.2/xlnx_uvm_package.sv(18601) @ 0: reporter [UVM/RELNOTES] 
----------------------------------------------------------------
UVM-1.2
(C) 2007-2014 Mentor Graphics Corporation
(C) 2007-2014 Cadence Design Systems, Inc.
(C) 2006-2014 Synopsys, Inc.
(C) 2011-2013 Cypress Semiconductor Corp.
(C) 2013-2014 NVIDIA Corporation
----------------------------------------------------------------

  ***********       IMPORTANT RELEASE NOTES         ************

  You are using a version of the UVM library that has been compiled
  with `UVM_NO_DEPRECATED undefined.

  You are using a version of the UVM library that has been compiled
  with `UVM_OBJECT_DO_NOT_NEED_CONSTRUCTOR undefined.

      (Specify +UVM_NO_RELNOTES to turn off this notice)

UVM_INFO /tools/Xilinx/2025.1/Vivado/data/system_verilog/uvm_1.2/xlnx_uvm_package.sv(18648) @ 0: reporter [NO_DPI_TSTNAME] UVM_NO_DPI defined--getting UVM_TESTNAME directly, without DPI
UVM_INFO @ 0: reporter [RNTST] Running test fp32_smoke_test...
UVM_INFO /tools/Xilinx/2025.1/Vivado/data/system_verilog/uvm_1.2/xlnx_uvm_package.sv(20867) @ 0: reporter [UVM/COMP/NAMECHECK] This implementation of the component name checks requires DPI to be enabled
UVM_INFO fp32_tests.svh(21) @ 0: uvm_test_top [SMOKE] run_phase entered
UVM_INFO fp32_tests.svh(26) @ 0: uvm_test_top [SMOKE] starting seq
UVM_INFO fp32_tests.svh(28) @ 175000: uvm_test_top [SMOKE] seq finished
UVM_INFO /tools/Xilinx/2025.1/Vivado/data/system_verilog/uvm_1.2/xlnx_uvm_package.sv(19968) @ 275000: reporter [TEST_DONE] 'run' phase is ready to proceed to the 'extract' phase
UVM_INFO fp32_scoreboard.svh(289) @ 275000: uvm_test_top.env.sb [SB] 
═══════════════════════════════════
  SCOREBOARD: 5 PASS, 0 FAIL
═══════════════════════════════════
UVM_INFO /tools/Xilinx/2025.1/Vivado/data/system_verilog/uvm_1.2/xlnx_uvm_package.sv(13673) @ 275000: reporter [UVM/REPORT/SERVER] 
--- UVM Report Summary ---

** Report counts by severity
UVM_INFO :    9
UVM_WARNING :    0
UVM_ERROR :    0
UVM_FATAL :    0
** Report counts by id
[NO_DPI_TSTNAME]     1
[RNTST]     1
[SB]     1
[SMOKE]     3
[TEST_DONE]     1
[UVM/COMP/NAMECHECK]     1
[UVM/RELNOTES]     1

WARNING: The Functional Coverage Database has not been updated during simulation. Please recheck testbench to confirm that covergroups are being instantiated correctly and rerun simulation.
$finish called at time : 275 ns : File "/tools/Xilinx/2025.1/Vivado/data/system_verilog/uvm_1.2/xlnx_uvm_package.sv" Line 18699
exit
INFO: [Common 17-206] Exiting xsim at Wed Apr  8 08:04:31 2026...
