#-----------------------------------------------------------
# xsim v2025.1 (64-bit)
# SW Build 6140274 on Wed May 21 22:58:25 MDT 2025
# IP Build 6138677 on Thu May 22 03:10:11 MDT 2025
# SharedData Build 6139179 on Tue May 20 17:58:58 MDT 2025
# Start of session at: Tue Apr  7 22:30:47 2026
# Process ID         : 3161534
# Current directory  : /home/ale/Documents/digital_verification/FIFO
# Command line       : xsim -mode tcl -source {xsim.dir/top_sim/xsim_script.tcl}
# Log file           : /home/ale/Documents/digital_verification/FIFO/xsim.log
# Journal file       : /home/ale/Documents/digital_verification/FIFO/xsim.jou
# Running On         : vivado
# Platform           : Ubuntu
# Operating System   : Ubuntu 24.04.2 LTS
# Processor Detail   : Intel(R) Core(TM) i7-7700 CPU @ 3.60GHz
# CPU Frequency      : 4077.049 MHz
# CPU Physical cores : 4
# CPU Logical cores  : 8
# Host memory        : 16646 MB
# Swap memory        : 4294 MB
# Total Virtual      : 20941 MB
# Available Virtual  : 9092 MB
#-----------------------------------------------------------
source xsim.dir/top_sim/xsim_script.tcl
# xsim {top_sim} -testplusarg UVM_TESTNAME=fifo_full_empty_test -autoloadwcfg -runall
Time resolution is 1 ps
run -all
UVM_INFO /tools/Xilinx/2025.1/Vivado/data/system_verilog/uvm_1.2/xlnx_uvm_package.sv(18601) @ 0: reporter [UVM/RELNOTES] 
----------------------------------------------------------------
UVM-1.2
(C) 2007-2014 Mentor Graphics Corporation
(C) 2007-2014 Cadence Design Systems, Inc.
(C) 2006-2014 Synopsys, Inc.
(C) 2011-2013 Cypress Semiconductor Corp.
(C) 2013-2014 NVIDIA Corporation
----------------------------------------------------------------

  ***********       IMPORTANT RELEASE NOTES         ************

  You are using a version of the UVM library that has been compiled
  with `UVM_NO_DEPRECATED undefined.

  You are using a version of the UVM library that has been compiled
  with `UVM_OBJECT_DO_NOT_NEED_CONSTRUCTOR undefined.

      (Specify +UVM_NO_RELNOTES to turn off this notice)

UVM_INFO /tools/Xilinx/2025.1/Vivado/data/system_verilog/uvm_1.2/xlnx_uvm_package.sv(18648) @ 0: reporter [NO_DPI_TSTNAME] UVM_NO_DPI defined--getting UVM_TESTNAME directly, without DPI
UVM_INFO @ 0: reporter [RNTST] Running test fifo_full_empty_test...
UVM_INFO /tools/Xilinx/2025.1/Vivado/data/system_verilog/uvm_1.2/xlnx_uvm_package.sv(18752) @ 0: reporter [UVMTOP] UVM testbench topology:
--------------------------------------------------------------
Name                       Type                    Size  Value
--------------------------------------------------------------
uvm_test_top               fifo_full_empty_test    -     @341 
  env                      fifo_env                -     @354 
    agt                    fifo_agent              -     @363 
      ap                   uvm_analysis_port       -     @401 
      drv                  fifo_driver             -     @420 
        rsp_port           uvm_analysis_port       -     @439 
        seq_item_port      uvm_seq_item_pull_port  -     @429 
      mon                  fifo_monitor            -     @411 
        ap                 uvm_analysis_port       -     @587 
      seqr                 fifo_sequencer          -     @449 
        rsp_export         uvm_analysis_export     -     @458 
        seq_item_export    uvm_seq_item_pull_imp   -     @576 
        arbitration_queue  array                   0     -    
        lock_queue         array                   0     -    
        num_last_reqs      integral                32    'd1  
        num_last_rsps      integral                32    'd1  
    cvg                    fifo_coverage           -     @381 
      analysis_imp         uvm_analysis_imp        -     @390 
    sb                     fifo_scoreboard         -     @372 
      analysis_export      uvm_analysis_imp        -     @603 
--------------------------------------------------------------

UVM_INFO /tools/Xilinx/2025.1/Vivado/data/system_verilog/uvm_1.2/xlnx_uvm_package.sv(20867) @ 0: reporter [UVM/COMP/NAMECHECK] This implementation of the component name checks requires DPI to be enabled
UVM_INFO /tools/Xilinx/2025.1/Vivado/data/system_verilog/uvm_1.2/xlnx_uvm_package.sv(19968) @ 455000: reporter [TEST_DONE] 'run' phase is ready to proceed to the 'extract' phase
UVM_INFO fifo_scoreboard.svh(62) @ 455000: uvm_test_top.env.sb [SB] Scoreboard: 16 Pass, 0 Fail
UVM_INFO /tools/Xilinx/2025.1/Vivado/data/system_verilog/uvm_1.2/xlnx_uvm_package.sv(13673) @ 455000: reporter [UVM/REPORT/SERVER] 
--- UVM Report Summary ---

** Report counts by severity
UVM_INFO :    7
UVM_WARNING :    0
UVM_ERROR :    0
UVM_FATAL :    0
** Report counts by id
[NO_DPI_TSTNAME]     1
[RNTST]     1
[SB]     1
[TEST_DONE]     1
[UVM/COMP/NAMECHECK]     1
[UVM/RELNOTES]     1
[UVMTOP]     1

$finish called at time : 455 ns : File "/tools/Xilinx/2025.1/Vivado/data/system_verilog/uvm_1.2/xlnx_uvm_package.sv" Line 18699
exit
INFO: [Common 17-206] Exiting xsim at Tue Apr  7 22:30:51 2026...
