#-----------------------------------------------------------
# xsim v2025.1 (64-bit)
# SW Build 6140274 on Wed May 21 22:58:25 MDT 2025
# IP Build 6138677 on Thu May 22 03:10:11 MDT 2025
# SharedData Build 6139179 on Tue May 20 17:58:58 MDT 2025
# Start of session at: Tue Apr  7 22:29:26 2026
# Process ID         : 3158654
# Current directory  : /home/ale/Documents/digital_verification/FIFO
# Command line       : xsim -mode tcl -source {xsim.dir/top_sim/xsim_script.tcl}
# Log file           : /home/ale/Documents/digital_verification/FIFO/xsim.log
# Journal file       : /home/ale/Documents/digital_verification/FIFO/xsim.jou
# Running On         : vivado
# Platform           : Ubuntu
# Operating System   : Ubuntu 24.04.2 LTS
# Processor Detail   : Intel(R) Core(TM) i7-7700 CPU @ 3.60GHz
# CPU Frequency      : 4098.056 MHz
# CPU Physical cores : 4
# CPU Logical cores  : 8
# Host memory        : 16646 MB
# Swap memory        : 4294 MB
# Total Virtual      : 20941 MB
# Available Virtual  : 9021 MB
#-----------------------------------------------------------
source xsim.dir/top_sim/xsim_script.tcl
# xsim {top_sim} -testplusarg UVM_TESTNAME=fifo_rand_test -autoloadwcfg -runall
ERROR: [Simtcl 6-50] Simulation engine failed to start: Simulation exited with status code 1.
Please see the Tcl Console or the Messages for details.
exit
INFO: [Common 17-206] Exiting xsim at Tue Apr  7 22:29:31 2026...
